<?xml version='1.0' encoding='UTF-8'?>
<testsuite hostname="MacBookPro" name="l3.SyntheticTests2" tests="38" errors="0" failures="0" skipped="0" time="0.007" timestamp="2024-04-09T20:39:04">
          <properties>
      <property name="java.specification.version" value="21"/><property name="sun.jnu.encoding" value="UTF-8"/><property name="sun.arch.data.model" value="64"/><property name="java.vendor.url" value="https://github.com/Homebrew/homebrew-core/issues"/><property name="sun.boot.library.path" value="/opt/homebrew/Cellar/openjdk/21.0.2/libexec/openjdk.jdk/Contents/Home/lib"/><property name="sun.java.command" value="/opt/homebrew/Cellar/sbt/1.9.9/libexec/bin/sbt-launch.jar"/><property name="jdk.debug" value="release"/><property name="java.specification.vendor" value="Oracle Corporation"/><property name="java.version.date" value="2024-01-16"/><property name="java.home" value="/opt/homebrew/Cellar/openjdk/21.0.2/libexec/openjdk.jdk/Contents/Home"/><property name="file.separator" value="/"/><property name="java.vm.compressedOopsMode" value="Zero based"/><property name="line.separator" value="
"/><property name="java.vm.specification.vendor" value="Oracle Corporation"/><property name="java.specification.name" value="Java Platform API Specification"/><property name="sun.management.compiler" value="HotSpot 64-Bit Tiered Compilers"/><property name="java.runtime.version" value="21.0.2"/><property name="user.name" value="kostasch"/><property name="log4j.ignoreTCL" value="true"/><property name="file.encoding" value="UTF-8"/><property name="java.vendor.version" value="Homebrew"/><property name="java.io.tmpdir" value="/var/folders/_d/9n95ywh122s0wc677dn8b9cr0000gn/T/"/><property name="java.version" value="21.0.2"/><property name="java.vm.specification.name" value="Java Virtual Machine Specification"/><property name="native.encoding" value="UTF-8"/><property name="java.library.path" value="/Users/kostasch/Library/Java/Extensions:/Library/Java/Extensions:/Network/Library/Java/Extensions:/System/Library/Java/Extensions:/usr/lib/java:."/><property name="stderr.encoding" value="UTF-8"/><property name="java.vendor" value="Homebrew"/><property name="scala.ext.dirs" value="/Users/kostasch/.sbt/1.0/java9-rt-ext-homebrew_21_0_2"/><property name="sun.io.unicode.encoding" value="UnicodeBig"/><property name="socksNonProxyHosts" value="local|*.local|169.254/16|*.169.254/16"/><property name="java.class.path" value="/opt/homebrew/Cellar/sbt/1.9.9/libexec/bin/sbt-launch.jar"/><property name="java.vm.vendor" value="Homebrew"/><property name="jline.shutdownhook" value="false"/><property name="user.timezone" value="Europe/Zurich"/><property name="java.vm.specification.version" value="21"/><property name="os.name" value="Mac OS X"/><property name="sun.java.launcher" value="SUN_STANDARD"/><property name="user.country" value="GR"/><property name="http.nonProxyHosts" value="local|*.local|169.254/16|*.169.254/16"/><property name="sun.cpu.endian" value="little"/><property name="user.home" value="/Users/kostasch"/><property name="user.language" value="en"/><property name="sbt.script" value="/opt/homebrew/Cellar/sbt/1.9.9/libexec/bin/sbt"/><property name="sbt.ipcsocket.tmpdir" value="/var/folders/_d/9n95ywh122s0wc677dn8b9cr0000gn/T/.sbtdac9501f/ipcsocket"/><property name="swoval.tmpdir" value="/var/folders/_d/9n95ywh122s0wc677dn8b9cr0000gn/T/.sbtdac9501f/swoval"/><property name="apple.awt.application.name" value="Boot"/><property name="jline.esc.timeout" value="0"/><property name="ftp.nonProxyHosts" value="local|*.local|169.254/16|*.169.254/16"/><property name="stdout.encoding" value="UTF-8"/><property name="path.separator" value=":"/><property name="os.version" value="14.4"/><property name="jna.nosys" value="true"/><property name="java.runtime.name" value="OpenJDK Runtime Environment"/><property name="java.vm.name" value="OpenJDK 64-Bit Server VM"/><property name="java.vendor.url.bug" value="https://github.com/Homebrew/homebrew-core/issues"/><property name="user.dir" value="/Users/kostasch/Documents/EPFL-Msc/advanced-compiler-construction/project/adv_comp_cons_epfl/l3/compiler"/><property name="os.arch" value="aarch64"/><property name="java.vm.info" value="mixed mode, sharing"/><property name="java.vm.version" value="21.0.2"/><property name="java.class.version" value="65.0"/>
    </properties>
          <testcase classname="l3.SyntheticTests2" name="primitives.prim-blockp (@block?)" time="0.001">
                      
                    </testcase><testcase classname="l3.SyntheticTests2" name="primitives.prim-block-alloc (@block-alloc-...)" time="0.0">
                      
                    </testcase><testcase classname="l3.SyntheticTests2" name="primitives.prim-block-tag (@block-tag)" time="0.0">
                      
                    </testcase><testcase classname="l3.SyntheticTests2" name="primitives.prim-block-length (@block-length)" time="0.0">
                      
                    </testcase><testcase classname="l3.SyntheticTests2" name="primitives.prim-block-get-set (@block-[sg]et)" time="0.0">
                      
                    </testcase><testcase classname="l3.SyntheticTests2" name="primitives.prim-intp (@int?)" time="0.0">
                      
                    </testcase><testcase classname="l3.SyntheticTests2" name="primitives.prim-add (@+)" time="0.0">
                      
                    </testcase><testcase classname="l3.SyntheticTests2" name="primitives.prim-sub (@-)" time="0.0">
                      
                    </testcase><testcase classname="l3.SyntheticTests2" name="primitives.prim-mul (@*)" time="0.0">
                      
                    </testcase><testcase classname="l3.SyntheticTests2" name="primitives.prim-div (@/)" time="0.0">
                      
                    </testcase><testcase classname="l3.SyntheticTests2" name="primitives.prim-mod (@%)" time="0.0">
                      
                    </testcase><testcase classname="l3.SyntheticTests2" name="primitives.prim-shift-left (@shift-left)" time="0.0">
                      
                    </testcase><testcase classname="l3.SyntheticTests2" name="primitives.prim-shift-right (@shift-right)" time="0.0">
                      
                    </testcase><testcase classname="l3.SyntheticTests2" name="primitives.prim-and (@and)" time="0.0">
                      
                    </testcase><testcase classname="l3.SyntheticTests2" name="primitives.prim-or (@or)" time="0.0">
                      
                    </testcase><testcase classname="l3.SyntheticTests2" name="primitives.prim-xor (@xor)" time="0.0">
                      
                    </testcase><testcase classname="l3.SyntheticTests2" name="primitives.prim-lt (@&lt;)" time="0.0">
                      
                    </testcase><testcase classname="l3.SyntheticTests2" name="primitives.prim-le (@&lt;=)" time="0.0">
                      
                    </testcase><testcase classname="l3.SyntheticTests2" name="primitives.prim-int-to-char (@int-&gt;char)" time="0.0">
                      
                    </testcase><testcase classname="l3.SyntheticTests2" name="primitives.prim-charp (@char?)" time="0.0">
                      
                    </testcase><testcase classname="l3.SyntheticTests2" name="primitives.prim-char-to-int (@char-&gt;int)" time="0.0">
                      
                    </testcase><testcase classname="l3.SyntheticTests2" name="primitives.prim-boolp (@bool?)" time="0.0">
                      
                    </testcase><testcase classname="l3.SyntheticTests2" name="primitives.prim-unitp (@unit?)" time="0.001">
                      
                    </testcase><testcase classname="l3.SyntheticTests2" name="primitives.prim-eq (@=)" time="0.002">
                      
                    </testcase><testcase classname="l3.SyntheticTests2" name="expressions.expr-let (let …)" time="0.001">
                      
                    </testcase><testcase classname="l3.SyntheticTests2" name="expressions.expr-lets (let* …)" time="0.0">
                      
                    </testcase><testcase classname="l3.SyntheticTests2" name="expressions.expr-letrec (letrec …)" time="0.001">
                      
                    </testcase><testcase classname="l3.SyntheticTests2" name="expressions.expr-rec (rec …)" time="0.0">
                      
                    </testcase><testcase classname="l3.SyntheticTests2" name="expressions.expr-fun (fun …)" time="0.0">
                      
                    </testcase><testcase classname="l3.SyntheticTests2" name="expressions.expr-begin (begin …)" time="0.0">
                      
                    </testcase><testcase classname="l3.SyntheticTests2" name="expressions.expr-if (if …)" time="0.0">
                      
                    </testcase><testcase classname="l3.SyntheticTests2" name="expressions.expr-cond (cond …)" time="0.0">
                      
                    </testcase><testcase classname="l3.SyntheticTests2" name="expressions.expr-and (and …)" time="0.0">
                      
                    </testcase><testcase classname="l3.SyntheticTests2" name="expressions.expr-or (or …)" time="0.0">
                      
                    </testcase><testcase classname="l3.SyntheticTests2" name="expressions.expr-not (not …)" time="0.0">
                      
                    </testcase><testcase classname="l3.SyntheticTests2" name="statements.stmt-def (def …)" time="0.0">
                      
                    </testcase><testcase classname="l3.SyntheticTests2" name="statements.stmt-defrec (defrec …)" time="0.0">
                      
                    </testcase><testcase classname="l3.SyntheticTests2" name="statements.stmt-halt (halt …)" time="0.001">
                      
                    </testcase>
          <system-out><![CDATA[]]></system-out>
          <system-err><![CDATA[]]></system-err>
        </testsuite>